03-09-2019 16:50:57.915 [restartedMain] DEBUG o.h.s.internal.StatisticsInitiator.initiateServiceInternal - Statistics initialized [enabled=true]
03-09-2019 16:50:58.037 [restartedMain] WARN  o.s.b.a.o.j.JpaBaseConfiguration$JpaWebConfiguration$JpaWebMvcConfiguration.openEntityManagerInViewInterceptor - spring.jpa.open-in-view is enabled by default. Therefore, database queries may be performed during view rendering. Explicitly configure spring.jpa.open-in-view to disable this warning
03-09-2019 16:51:01.814 [http-nio-8080-exec-1] DEBUG c.e.demo.web.ProductoRestController.list - DEBUG m
03-09-2019 16:51:01.823 [http-nio-8080-exec-1] DEBUG o.h.stat.internal.StatisticsImpl.queryExecuted - HHH000117: HQL: select generatedAlias0 from Producto as generatedAlias0, time: 2ms, rows: 2
03-09-2019 17:32:09.223 [restartedMain] DEBUG o.h.s.internal.StatisticsInitiator.initiateServiceInternal - Statistics initialized [enabled=true]
03-09-2019 17:32:09.313 [restartedMain] WARN  o.s.b.a.o.j.JpaBaseConfiguration$JpaWebConfiguration$JpaWebMvcConfiguration.openEntityManagerInViewInterceptor - spring.jpa.open-in-view is enabled by default. Therefore, database queries may be performed during view rendering. Explicitly configure spring.jpa.open-in-view to disable this warning
03-09-2019 17:32:59.582 [restartedMain] DEBUG o.h.s.internal.StatisticsInitiator.initiateServiceInternal - Statistics initialized [enabled=true]
03-09-2019 17:32:59.695 [restartedMain] WARN  o.s.b.a.o.j.JpaBaseConfiguration$JpaWebConfiguration$JpaWebMvcConfiguration.openEntityManagerInViewInterceptor - spring.jpa.open-in-view is enabled by default. Therefore, database queries may be performed during view rendering. Explicitly configure spring.jpa.open-in-view to disable this warning
03-09-2019 17:42:05.138 [restartedMain] DEBUG o.h.s.internal.StatisticsInitiator.initiateServiceInternal - Statistics initialized [enabled=true]
03-09-2019 17:42:05.516 [restartedMain] WARN  o.s.b.a.o.j.JpaBaseConfiguration$JpaWebConfiguration$JpaWebMvcConfiguration.openEntityManagerInViewInterceptor - spring.jpa.open-in-view is enabled by default. Therefore, database queries may be performed during view rendering. Explicitly configure spring.jpa.open-in-view to disable this warning
03-09-2019 17:42:15.164 [http-nio-8080-exec-2] DEBUG o.h.stat.internal.StatisticsImpl.queryExecuted - HHH000117: HQL: select generatedAlias0 from Producto as generatedAlias0, time: 2ms, rows: 2
03-09-2019 17:42:30.973 [restartedMain] DEBUG o.h.s.internal.StatisticsInitiator.initiateServiceInternal - Statistics initialized [enabled=true]
03-09-2019 17:42:31.078 [restartedMain] WARN  o.s.b.a.o.j.JpaBaseConfiguration$JpaWebConfiguration$JpaWebMvcConfiguration.openEntityManagerInViewInterceptor - spring.jpa.open-in-view is enabled by default. Therefore, database queries may be performed during view rendering. Explicitly configure spring.jpa.open-in-view to disable this warning
03-09-2019 17:46:18.880 [restartedMain] DEBUG o.h.s.internal.StatisticsInitiator.initiateServiceInternal - Statistics initialized [enabled=true]
03-09-2019 17:46:19.099 [restartedMain] WARN  o.s.b.a.o.j.JpaBaseConfiguration$JpaWebConfiguration$JpaWebMvcConfiguration.openEntityManagerInViewInterceptor - spring.jpa.open-in-view is enabled by default. Therefore, database queries may be performed during view rendering. Explicitly configure spring.jpa.open-in-view to disable this warning
03-09-2019 17:48:41.068 [http-nio-8080-exec-2] DEBUG o.h.stat.internal.StatisticsImpl.queryExecuted - HHH000117: HQL: select generatedAlias0 from Producto as generatedAlias0, time: 21ms, rows: 2
03-09-2019 17:59:05.583 [restartedMain] DEBUG o.h.s.internal.StatisticsInitiator.initiateServiceInternal - Statistics initialized [enabled=true]
03-09-2019 17:59:05.697 [restartedMain] WARN  o.s.b.a.o.j.JpaBaseConfiguration$JpaWebConfiguration$JpaWebMvcConfiguration.openEntityManagerInViewInterceptor - spring.jpa.open-in-view is enabled by default. Therefore, database queries may be performed during view rendering. Explicitly configure spring.jpa.open-in-view to disable this warning
03-09-2019 18:01:26.363 [http-nio-8080-exec-6] WARN  o.s.w.s.m.s.DefaultHandlerExceptionResolver.logException - Resolved [org.springframework.web.HttpMediaTypeNotSupportedException: Content type 'text/plain;charset=UTF-8' not supported]
03-09-2019 18:03:14.250 [restartedMain] DEBUG o.h.s.internal.StatisticsInitiator.initiateServiceInternal - Statistics initialized [enabled=true]
03-09-2019 18:03:14.329 [restartedMain] WARN  o.s.b.a.o.j.JpaBaseConfiguration$JpaWebConfiguration$JpaWebMvcConfiguration.openEntityManagerInViewInterceptor - spring.jpa.open-in-view is enabled by default. Therefore, database queries may be performed during view rendering. Explicitly configure spring.jpa.open-in-view to disable this warning
03-09-2019 18:07:22.190 [restartedMain] DEBUG o.h.s.internal.StatisticsInitiator.initiateServiceInternal - Statistics initialized [enabled=true]
03-09-2019 18:07:22.537 [restartedMain] WARN  o.s.b.a.o.j.JpaBaseConfiguration$JpaWebConfiguration$JpaWebMvcConfiguration.openEntityManagerInViewInterceptor - spring.jpa.open-in-view is enabled by default. Therefore, database queries may be performed during view rendering. Explicitly configure spring.jpa.open-in-view to disable this warning
03-09-2019 18:08:18.967 [http-nio-8080-exec-8] WARN  o.s.w.s.m.s.DefaultHandlerExceptionResolver.logException - Resolved [org.springframework.web.HttpMediaTypeNotSupportedException: Content type 'text/plain;charset=UTF-8' not supported]
03-09-2019 18:17:30.865 [restartedMain] DEBUG o.h.s.internal.StatisticsInitiator.initiateServiceInternal - Statistics initialized [enabled=true]
03-09-2019 18:17:30.991 [restartedMain] WARN  o.s.b.a.o.j.JpaBaseConfiguration$JpaWebConfiguration$JpaWebMvcConfiguration.openEntityManagerInViewInterceptor - spring.jpa.open-in-view is enabled by default. Therefore, database queries may be performed during view rendering. Explicitly configure spring.jpa.open-in-view to disable this warning
03-09-2019 18:17:54.788 [http-nio-8080-exec-3] DEBUG o.h.stat.internal.StatisticsImpl.queryExecuted - HHH000117: HQL: select generatedAlias0 from Producto as generatedAlias0, time: 3ms, rows: 2
03-09-2019 18:18:33.154 [http-nio-8080-exec-1] DEBUG o.h.stat.internal.StatisticsImpl.queryExecuted - HHH000117: HQL: select generatedAlias0 from Producto as generatedAlias0, time: 2ms, rows: 4
03-09-2019 18:19:02.607 [http-nio-8080-exec-6] DEBUG o.h.stat.internal.StatisticsImpl.queryExecuted - HHH000117: HQL: select generatedAlias0 from Producto as generatedAlias0, time: 2ms, rows: 4
